<?xml version="1.0" encoding="UTF-8"?>
<!-- Generated by org.testng.reporters.JUnitXMLReporter -->
<testsuite hostname="ATMECSINLT-269" name="SampleTest" tests="1" failures="1" timestamp="24 Mar 2020 08:47:24 GMT" time="31.149" errors="0">
  <testcase name="sampleTest3" time="9.924" classname="com.qa.automation.FalconUI.testscript.GmailLogin">
    <failure type="java.lang.NullPointerException">
      <![CDATA[java.lang.NullPointerException
	at com.atmecs.falcon.automation.ui.selenium.TextField.enterTextField(TextField.java:31)
	at com.qa.automation.FalconUI.pages.GmailLoginPage.enterUsername(GmailLoginPage.java:77)
	at com.qa.automation.FalconUI.testscript.GmailLogin.sampleTest3(GmailLogin.java:35)
	at com.qa.automation.FalconUI.runner.TestNGRunner.main(TestNGRunner.java:58)
	at org.codehaus.mojo.exec.ExecJavaMojo$1.run(ExecJavaMojo.java:294)
	at java.lang.Thread.run(Thread.java:748)
... Removed 25 stack frames]]>
    </failure>
  </testcase> <!-- sampleTest3 -->
</testsuite> <!-- SampleTest -->
