<?xml version="1.0" encoding="UTF-8"?>
<testng-results skipped="0" failed="1" total="1" passed="0">
  <reporter-output>
    <line>
      <![CDATA[INFO: The value found with Environment variable Falcon is: Falcon]]>
    </line>
    <line>
      <![CDATA[INFO: The value found with Environment Module variable sample is: sample]]>
    </line>
    <line>
      <![CDATA[The value found with Environment variable WIN_10_IE_11 is: WIN_10_IE_11]]>
    </line>
    <line>
      <![CDATA[INFO: Clients Found: [Falcon]
]]>
    </line>
    <line>
      <![CDATA[INFO: Modules Selected: [sample]
]]>
    </line>
    <line>
      <![CDATA[INFO: New Suite Created with name: Falcon-Sample-WIN_10_IE_11]]>
    </line>
    <line>
      <![CDATA[<?xml version="1.0" encoding="UTF-8"?>
<!DOCTYPE suite SYSTEM "http://testng.org/testng-1.0.dtd">
<suite name="Falcon-Sample-WIN_10_IE_11">
  <parameter name="os" value="WIN"/>
  <parameter name="osVersion" value="10"/>
  <parameter name="browser" value="IE"/>
  <parameter name="browserVersion" value="11"/>
  <test name="SampleTest">
    <classes>
      <class name="com.qa.automation.FalconUI.testscript.GmailLogin"/>
    </classes>
  </test> <!-- SampleTest -->
</suite> <!-- Falcon-Sample-WIN_10_IE_11 -->
]]>
    </line>
    <line>
      <![CDATA[Opening browser: IE]]>
    </line>
    <line>
      <![CDATA[Maximizing browser window]]>
    </line>
    <line>
      <![CDATA[calling the page objects method for gmail login]]>
    </line>
    <line>
      <![CDATA[Entering the username]]>
    </line>
    <line>
      <![CDATA[Entering the password and pressing enter]]>
    </line>
    <line>
      <![CDATA[clikcing on google account icon]]>
    </line>
    <line>
      <![CDATA[Locator type doesn't existCannot find elements when the XPath expression is null.]]>
    </line>
    <line>
      <![CDATA[Verifying the username details]]>
    </line>
    <line>
      <![CDATA[No such element found with xpathUnable to find element with xpath == //div[@class='gb_qb']
For documentation on this error, please visit: http://seleniumhq.org/exceptions/no_such_element.html
Build info: version: '3.6.0', revision: '6fbf3ec767', time: '2017-09-27T15:28:36.4Z'
System info: host: 'ATMECSINLT-269', ip: '192.168.1.104', os.name: 'Windows 10', os.arch: 'amd64', os.version: '10.0', java.version: '1.8.0_191'
Driver info: org.openqa.selenium.ie.InternetExplorerDriver
Capabilities [{se:ieOptions={browserAttachTimeout=0, enablePersistentHover=true, ie.forceCreateProcessApi=false, ie.edgepath=, ignoreZoomSetting=false, ie.fileUploadDialogTimeout=3000, nativeEvents=true, ie.edgechromium=false, ie.ensureCleanSession=false, elementScrollBehavior=0, ie.browserCommandLineSwitches=, requireWindowFocus=false, initialBrowserUrl=http://localhost:22397/, ignoreProtectedModeSettings=false}, timeouts={implicit=0, pageLoad=300000, script=30000}, pageLoadStrategy=normal, unhandledPromptBehavior=dismiss and notify, strictFileInteractability=false, platform=WINDOWS, proxy=Proxy(), acceptInsecureCerts=false, browserVersion=11, browserName=internet explorer, javascriptEnabled=true, platformName=WINDOWS, setWindowRect=true}]
Session ID: e6d1691f-e4db-445d-a1db-4d1c4d2689c7
*** Element info: {Using=xpath, value=//div[@class='gb_qb']}]]>
    </line>
    <line>
      <![CDATA[FAIL : Error occurred, capturing screenshot; refer to ERROR tab for more details]]>
    </line>
    <line>
      <![CDATA[Unknown error cannot upload screenshot to server : Connection timed out: connect]]>
    </line>
    <line>
      <![CDATA[Unknown error cannot upload screenshot to server : Connection timed out: connect]]>
    </line>
  </reporter-output>
  <suite name="Falcon-Sample-WIN_10_IE_11" duration-ms="56745" started-at="2020-03-24T14:55:07Z" finished-at="2020-03-24T14:56:04Z">
    <groups>
    </groups>
    <test name="SampleTest" duration-ms="56745" started-at="2020-03-24T14:55:07Z" finished-at="2020-03-24T14:56:04Z">
      <class name="com.qa.automation.FalconUI.testscript.GmailLogin">
        <test-method status="PASS" signature="preSetup()[pri:0, instance:com.qa.automation.FalconUI.testscript.GmailLogin@1613c525]" name="preSetup" is-config="true" duration-ms="37" started-at="2020-03-24T20:25:07Z" finished-at="2020-03-24T20:25:07Z">
          <reporter-output>
          </reporter-output>
        </test-method> <!-- preSetup -->
        <test-method status="FAIL" signature="gmailLogin(java.lang.String, java.lang.String, java.lang.String, java.lang.String)[pri:0, instance:com.qa.automation.FalconUI.testscript.GmailLogin@1613c525]" name="gmailLogin" duration-ms="35636" started-at="2020-03-24T20:25:07Z" finished-at="2020-03-24T20:25:43Z">
          <params>
            <param index="0">
              <value>
                <![CDATA[WIN]]>
              </value>
            </param>
            <param index="1">
              <value>
                <![CDATA[10]]>
              </value>
            </param>
            <param index="2">
              <value>
                <![CDATA[IE]]>
              </value>
            </param>
            <param index="3">
              <value>
                <![CDATA[11]]>
              </value>
            </param>
          </params>
          <exception class="org.openqa.selenium.StaleElementReferenceException">
            <message>
              <![CDATA[Element is no longer valid
For documentation on this error, please visit: http://seleniumhq.org/exceptions/stale_element_reference.html
Build info: version: '3.6.0', revision: '6fbf3ec767', time: '2017-09-27T15:28:36.4Z'
System info: host: 'ATMECSINLT-269', ip: '192.168.1.104', os.name: 'Windows 10', os.arch: 'amd64', os.version: '10.0', java.version: '1.8.0_191'
Driver info: org.openqa.selenium.ie.InternetExplorerDriver
Capabilities [{se:ieOptions={browserAttachTimeout=0, enablePersistentHover=true, ie.forceCreateProcessApi=false, ie.edgepath=, ignoreZoomSetting=false, ie.fileUploadDialogTimeout=3000, nativeEvents=true, ie.edgechromium=false, ie.ensureCleanSession=false, elementScrollBehavior=0, ie.browserCommandLineSwitches=, requireWindowFocus=false, initialBrowserUrl=http://localhost:22397/, ignoreProtectedModeSettings=false}, timeouts={implicit=0, pageLoad=300000, script=30000}, pageLoadStrategy=normal, unhandledPromptBehavior=dismiss and notify, strictFileInteractability=false, platform=WINDOWS, proxy=Proxy(), acceptInsecureCerts=false, browserVersion=11, browserName=internet explorer, javascriptEnabled=true, platformName=WINDOWS, setWindowRect=true}]
Session ID: e6d1691f-e4db-445d-a1db-4d1c4d2689c7]]>
            </message>
            <full-stacktrace>
              <![CDATA[org.openqa.selenium.StaleElementReferenceException: Element is no longer valid
For documentation on this error, please visit: http://seleniumhq.org/exceptions/stale_element_reference.html
Build info: version: '3.6.0', revision: '6fbf3ec767', time: '2017-09-27T15:28:36.4Z'
System info: host: 'ATMECSINLT-269', ip: '192.168.1.104', os.name: 'Windows 10', os.arch: 'amd64', os.version: '10.0', java.version: '1.8.0_191'
Driver info: org.openqa.selenium.ie.InternetExplorerDriver
Capabilities [{se:ieOptions={browserAttachTimeout=0, enablePersistentHover=true, ie.forceCreateProcessApi=false, ie.edgepath=, ignoreZoomSetting=false, ie.fileUploadDialogTimeout=3000, nativeEvents=true, ie.edgechromium=false, ie.ensureCleanSession=false, elementScrollBehavior=0, ie.browserCommandLineSwitches=, requireWindowFocus=false, initialBrowserUrl=http://localhost:22397/, ignoreProtectedModeSettings=false}, timeouts={implicit=0, pageLoad=300000, script=30000}, pageLoadStrategy=normal, unhandledPromptBehavior=dismiss and notify, strictFileInteractability=false, platform=WINDOWS, proxy=Proxy(), acceptInsecureCerts=false, browserVersion=11, browserName=internet explorer, javascriptEnabled=true, platformName=WINDOWS, setWindowRect=true}]
Session ID: e6d1691f-e4db-445d-a1db-4d1c4d2689c7
	at sun.reflect.NativeConstructorAccessorImpl.newInstance0(Native Method)
	at sun.reflect.NativeConstructorAccessorImpl.newInstance(NativeConstructorAccessorImpl.java:62)
	at sun.reflect.DelegatingConstructorAccessorImpl.newInstance(DelegatingConstructorAccessorImpl.java:45)
	at java.lang.reflect.Constructor.newInstance(Constructor.java:423)
	at org.openqa.selenium.remote.http.W3CHttpResponseCodec.createException(W3CHttpResponseCodec.java:185)
	at org.openqa.selenium.remote.http.W3CHttpResponseCodec.decode(W3CHttpResponseCodec.java:120)
	at org.openqa.selenium.remote.http.W3CHttpResponseCodec.decode(W3CHttpResponseCodec.java:49)
	at org.openqa.selenium.remote.HttpCommandExecutor.execute(HttpCommandExecutor.java:164)
	at org.openqa.selenium.remote.service.DriverCommandExecutor.execute(DriverCommandExecutor.java:83)
	at org.openqa.selenium.remote.RemoteWebDriver.execute(RemoteWebDriver.java:586)
	at org.openqa.selenium.remote.RemoteWebElement.execute(RemoteWebElement.java:279)
	at org.openqa.selenium.remote.RemoteWebElement.getText(RemoteWebElement.java:160)
	at com.qa.automation.FalconUI.pages.GmailLoginPage.verifyAccount(GmailLoginPage.java:57)
	at com.qa.automation.FalconUI.testscript.GmailLogin.gmailLogin(GmailLogin.java:30)
	at sun.reflect.NativeMethodAccessorImpl.invoke0(Native Method)
	at sun.reflect.NativeMethodAccessorImpl.invoke(NativeMethodAccessorImpl.java:62)
	at sun.reflect.DelegatingMethodAccessorImpl.invoke(DelegatingMethodAccessorImpl.java:43)
	at java.lang.reflect.Method.invoke(Method.java:498)
	at org.testng.internal.MethodInvocationHelper.invokeMethod(MethodInvocationHelper.java:85)
	at org.testng.internal.Invoker.invokeMethod(Invoker.java:639)
	at org.testng.internal.Invoker.invokeTestMethod(Invoker.java:816)
	at org.testng.internal.Invoker.invokeTestMethods(Invoker.java:1124)
	at org.testng.internal.TestMethodWorker.invokeTestMethods(TestMethodWorker.java:125)
	at org.testng.internal.TestMethodWorker.run(TestMethodWorker.java:108)
	at org.testng.TestRunner.privateRun(TestRunner.java:774)
	at org.testng.TestRunner.run(TestRunner.java:624)
	at org.testng.SuiteRunner.runTest(SuiteRunner.java:359)
	at org.testng.SuiteRunner.runSequentially(SuiteRunner.java:354)
	at org.testng.SuiteRunner.privateRun(SuiteRunner.java:312)
	at org.testng.SuiteRunner.run(SuiteRunner.java:261)
	at org.testng.SuiteRunnerWorker.runSuite(SuiteRunnerWorker.java:52)
	at org.testng.SuiteRunnerWorker.run(SuiteRunnerWorker.java:86)
	at org.testng.TestNG.runSuitesSequentially(TestNG.java:1215)
	at org.testng.TestNG.runSuitesLocally(TestNG.java:1140)
	at org.testng.TestNG.run(TestNG.java:1048)
	at com.qa.automation.FalconUI.runner.TestNGRunner.main(TestNGRunner.java:58)
	at sun.reflect.NativeMethodAccessorImpl.invoke0(Native Method)
	at sun.reflect.NativeMethodAccessorImpl.invoke(NativeMethodAccessorImpl.java:62)
	at sun.reflect.DelegatingMethodAccessorImpl.invoke(DelegatingMethodAccessorImpl.java:43)
	at java.lang.reflect.Method.invoke(Method.java:498)
	at org.codehaus.mojo.exec.ExecJavaMojo$1.run(ExecJavaMojo.java:294)
	at java.lang.Thread.run(Thread.java:748)
]]>
            </full-stacktrace>
          </exception> <!-- org.openqa.selenium.StaleElementReferenceException -->
          <reporter-output>
            <line>
              <![CDATA[Opening browser: IE]]>
            </line>
            <line>
              <![CDATA[Maximizing browser window]]>
            </line>
            <line>
              <![CDATA[calling the page objects method for gmail login]]>
            </line>
            <line>
              <![CDATA[Entering the username]]>
            </line>
            <line>
              <![CDATA[Entering the password and pressing enter]]>
            </line>
            <line>
              <![CDATA[clikcing on google account icon]]>
            </line>
            <line>
              <![CDATA[Locator type doesn't existCannot find elements when the XPath expression is null.]]>
            </line>
            <line>
              <![CDATA[Verifying the username details]]>
            </line>
            <line>
              <![CDATA[No such element found with xpathUnable to find element with xpath == //div[@class='gb_qb']
For documentation on this error, please visit: http://seleniumhq.org/exceptions/no_such_element.html
Build info: version: '3.6.0', revision: '6fbf3ec767', time: '2017-09-27T15:28:36.4Z'
System info: host: 'ATMECSINLT-269', ip: '192.168.1.104', os.name: 'Windows 10', os.arch: 'amd64', os.version: '10.0', java.version: '1.8.0_191'
Driver info: org.openqa.selenium.ie.InternetExplorerDriver
Capabilities [{se:ieOptions={browserAttachTimeout=0, enablePersistentHover=true, ie.forceCreateProcessApi=false, ie.edgepath=, ignoreZoomSetting=false, ie.fileUploadDialogTimeout=3000, nativeEvents=true, ie.edgechromium=false, ie.ensureCleanSession=false, elementScrollBehavior=0, ie.browserCommandLineSwitches=, requireWindowFocus=false, initialBrowserUrl=http://localhost:22397/, ignoreProtectedModeSettings=false}, timeouts={implicit=0, pageLoad=300000, script=30000}, pageLoadStrategy=normal, unhandledPromptBehavior=dismiss and notify, strictFileInteractability=false, platform=WINDOWS, proxy=Proxy(), acceptInsecureCerts=false, browserVersion=11, browserName=internet explorer, javascriptEnabled=true, platformName=WINDOWS, setWindowRect=true}]
Session ID: e6d1691f-e4db-445d-a1db-4d1c4d2689c7
*** Element info: {Using=xpath, value=//div[@class='gb_qb']}]]>
            </line>
            <line>
              <![CDATA[FAIL : Error occurred, capturing screenshot; refer to ERROR tab for more details]]>
            </line>
            <line>
              <![CDATA[Unknown error cannot upload screenshot to server : Connection timed out: connect]]>
            </line>
            <line>
              <![CDATA[Unknown error cannot upload screenshot to server : Connection timed out: connect]]>
            </line>
          </reporter-output>
        </test-method> <!-- gmailLogin -->
        <test-method status="PASS" signature="teardown()[pri:0, instance:com.qa.automation.FalconUI.testscript.GmailLogin@1613c525]" name="teardown" is-config="true" duration-ms="1827" started-at="2020-03-24T20:26:04Z" finished-at="2020-03-24T20:26:06Z">
          <reporter-output>
          </reporter-output>
        </test-method> <!-- teardown -->
      </class> <!-- com.qa.automation.FalconUI.testscript.GmailLogin -->
    </test> <!-- SampleTest -->
  </suite> <!-- Falcon-Sample-WIN_10_IE_11 -->
</testng-results>
